<?xml version="1.0" encoding="UTF-8"?>
<!-- Generated by org.testng.reporters.JUnitXMLReporter -->
<testsuite ignored="0" hostname="DESKTOP-IQJLUNI" failures="0" tests="3" name="Test" time="0.19" errors="0" timestamp="2023-11-06T12:46:59 IST">
  <testcase classname="genericlibraries.BaseClass" name="@BeforeClass classConfig" time="0.028">
    <failure type="java.lang.NullPointerException" message="inStream parameter is null">
      <![CDATA[java.lang.NullPointerException: inStream parameter is null
at java.base/java.util.Objects.requireNonNull(Objects.java:233)
at java.base/java.util.Properties.load(Properties.java:407)
at genericlibraries.PropertiesUtility.propertiesInitialization(PropertiesUtility.java:27)
at genericlibraries.BaseClass.classConfig(BaseClass.java:50)
at java.base/java.util.ArrayList.forEach(ArrayList.java:1511)
... Removed 25 stack frames]]>
    </failure>
  </testcase> <!-- @BeforeClass classConfig -->
  <testcase classname="genericlibraries.BaseClass" name="@BeforeMethod methodConfig" time="0.0">
    <skipped/>
  </testcase> <!-- @BeforeMethod methodConfig -->
  <testcase classname="genericlibraries.BaseClass" name="@AfterMethod methodTeardown" time="0.0">
    <skipped/>
  </testcase> <!-- @AfterMethod methodTeardown -->
  <testcase classname="genericlibraries.BaseClass" name="@AfterClass classTeardown" time="0.0">
    <skipped/>
  </testcase> <!-- @AfterClass classTeardown -->
  <testcase classname="genericlibraries.BaseClass" name="@BeforeClass classConfig" time="0.003">
    <failure type="java.lang.NullPointerException" message="inStream parameter is null">
      <![CDATA[java.lang.NullPointerException: inStream parameter is null
at java.base/java.util.Objects.requireNonNull(Objects.java:233)
at java.base/java.util.Properties.load(Properties.java:407)
at genericlibraries.PropertiesUtility.propertiesInitialization(PropertiesUtility.java:27)
at genericlibraries.BaseClass.classConfig(BaseClass.java:50)
at java.base/java.util.ArrayList.forEach(ArrayList.java:1511)
... Removed 25 stack frames]]>
    </failure>
  </testcase> <!-- @BeforeClass classConfig -->
  <testcase classname="genericlibraries.BaseClass" name="@BeforeMethod methodConfig" time="0.0">
    <skipped/>
  </testcase> <!-- @BeforeMethod methodConfig -->
  <testcase classname="genericlibraries.BaseClass" name="@AfterMethod methodTeardown" time="0.0">
    <skipped/>
  </testcase> <!-- @AfterMethod methodTeardown -->
  <testcase classname="genericlibraries.BaseClass" name="@AfterClass classTeardown" time="0.0">
    <skipped/>
  </testcase> <!-- @AfterClass classTeardown -->
  <testcase classname="genericlibraries.BaseClass" name="@BeforeClass classConfig" time="0.011">
    <failure type="java.lang.NullPointerException" message="inStream parameter is null">
      <![CDATA[java.lang.NullPointerException: inStream parameter is null
at java.base/java.util.Objects.requireNonNull(Objects.java:233)
at java.base/java.util.Properties.load(Properties.java:407)
at genericlibraries.PropertiesUtility.propertiesInitialization(PropertiesUtility.java:27)
at genericlibraries.BaseClass.classConfig(BaseClass.java:50)
at java.base/java.util.ArrayList.forEach(ArrayList.java:1511)
... Removed 25 stack frames]]>
    </failure>
  </testcase> <!-- @BeforeClass classConfig -->
  <testcase classname="genericlibraries.BaseClass" name="@BeforeMethod methodConfig" time="0.0">
    <skipped/>
  </testcase> <!-- @BeforeMethod methodConfig -->
  <testcase classname="genericlibraries.BaseClass" name="@AfterMethod methodTeardown" time="0.0">
    <skipped/>
  </testcase> <!-- @AfterMethod methodTeardown -->
  <testcase classname="genericlibraries.BaseClass" name="@AfterClass classTeardown" time="0.0">
    <skipped/>
  </testcase> <!-- @AfterClass classTeardown -->
  <testcase classname="testscripts.CreateUserTest" name="createUserTest" time="0.0">
    <skipped/>
  </testcase> <!-- createUserTest -->
  <testcase classname="testscripts.CreateCategoryTest" name="createCategoryTest" time="0.0">
    <skipped/>
  </testcase> <!-- createCategoryTest -->
  <testcase classname="testscripts.CreateCourseTest" name="createCourseTest" time="0.0">
    <skipped/>
  </testcase> <!-- createCourseTest -->
</testsuite> <!-- Test -->
